<?xml version="1.0" encoding="UTF-8"?>
<!-- Generated by org.testng.reporters.JUnitXMLReporter -->
<testsuite ignored="0" hostname="Sirajudeen-A" failures="0" tests="3" name="Default test" time="0.045" errors="0" timestamp="2022-09-24T22:46:29 IST">
  <testcase classname="com.features.testng.Annotation_TestNG" name="CasualDress" time="0.005"/>
  <testcase classname="com.features.testng.Annotation_TestNG" name="summerDress" time="0.001"/>
  <testcase classname="com.features.testng.Annotation_TestNG" name="tShirt" time="0.001"/>
</testsuite> <!-- Default test -->
